{
"contracts\\ERC20DecimalsMock.sol":{"l":{"14":1,"18":1},"path":"B:\\Proekty\\Solidity\\NewToken\\contracts\\ERC20DecimalsMock.sol","s":{"1":1,"2":1},"b":{},"f":{"1":1,"2":1},"fnMap":{"1":{"name":"constructor","line":13,"loc":{"start":{"line":9,"column":4},"end":{"line":15,"column":4}}},"2":{"name":"decimals","line":17,"loc":{"start":{"line":17,"column":4},"end":{"line":19,"column":4}}}},"statementMap":{"1":{"start":{"line":14,"column":8},"end":{"line":14,"column":28}},"2":{"start":{"line":18,"column":8},"end":{"line":18,"column":24}}},"branchMap":{}},
"contracts\\ERC20Mock.sol":{"l":{"15":74,"19":5,"23":10,"31":10,"39":12},"path":"B:\\Proekty\\Solidity\\NewToken\\contracts\\ERC20Mock.sol","s":{"1":74,"2":5,"3":10,"4":10,"5":12},"b":{},"f":{"1":74,"2":5,"3":10,"4":10,"5":12},"fnMap":{"1":{"name":"constructor","line":14,"loc":{"start":{"line":9,"column":4},"end":{"line":16,"column":4}}},"2":{"name":"mint","line":18,"loc":{"start":{"line":18,"column":4},"end":{"line":20,"column":4}}},"3":{"name":"burn","line":22,"loc":{"start":{"line":22,"column":4},"end":{"line":24,"column":4}}},"4":{"name":"transferInternal","line":26,"loc":{"start":{"line":26,"column":4},"end":{"line":32,"column":4}}},"5":{"name":"approveInternal","line":34,"loc":{"start":{"line":34,"column":4},"end":{"line":40,"column":4}}}},"statementMap":{"1":{"start":{"line":15,"column":8},"end":{"line":15,"column":44}},"2":{"start":{"line":19,"column":8},"end":{"line":19,"column":29}},"3":{"start":{"line":23,"column":8},"end":{"line":23,"column":29}},"4":{"start":{"line":31,"column":8},"end":{"line":31,"column":33}},"5":{"start":{"line":39,"column":8},"end":{"line":39,"column":38}}},"branchMap":{}},
"contracts\\NewToken.sol":{"l":{"8":3},"path":"B:\\Proekty\\Solidity\\NewToken\\contracts\\NewToken.sol","s":{"1":3},"b":{},"f":{"1":3},"fnMap":{"1":{"name":"constructor","line":7,"loc":{"start":{"line":7,"column":4},"end":{"line":9,"column":4}}}},"statementMap":{"1":{"start":{"line":8,"column":8},"end":{"line":8,"column":30}}},"branchMap":{}}}
