TN:
SF:B:\Proekty\Solidity\NewToken\contracts\ERC20DecimalsMock.sol
FN:13,constructor
FN:17,decimals
FNF:2
FNH:2
FNDA:1,constructor
FNDA:1,decimals
DA:14,1
DA:18,1
LF:2
LH:2
BRF:0
BRH:0
end_of_record
TN:
SF:B:\Proekty\Solidity\NewToken\contracts\ERC20Mock.sol
FN:14,constructor
FN:18,mint
FN:22,burn
FN:26,transferInternal
FN:34,approveInternal
FNF:5
FNH:5
FNDA:74,constructor
FNDA:5,mint
FNDA:10,burn
FNDA:10,transferInternal
FNDA:12,approveInternal
DA:15,74
DA:19,5
DA:23,10
DA:31,10
DA:39,12
LF:5
LH:5
BRF:0
BRH:0
end_of_record
TN:
SF:B:\Proekty\Solidity\NewToken\contracts\NewToken.sol
FN:7,constructor
FNF:1
FNH:1
FNDA:3,constructor
DA:8,3
LF:1
LH:1
BRF:0
BRH:0
end_of_record
